  Apple.cpp
C:\Users\yoh1n\source\repos\PreJuniorProjects\ASCII Snake\Apple.h(23,13): error C2061: syntax error: identifier 'Playground'
C:\Users\yoh1n\source\repos\PreJuniorProjects\ASCII Snake\Apple.h(30,8): error C3646: 'position': unknown override specifier
C:\Users\yoh1n\source\repos\PreJuniorProjects\ASCII Snake\Apple.h(30,16): error C4430: missing type specifier - int assumed. Note: C++ does not support default-int
C:\Users\yoh1n\source\repos\PreJuniorProjects\ASCII Snake\Apple.h(6,14): error C2065: 'NULL': undeclared identifier
C:\Users\yoh1n\source\repos\PreJuniorProjects\ASCII Snake\Apple.h(6,9): error C3861: 'time': identifier not found
C:\Users\yoh1n\source\repos\PreJuniorProjects\ASCII Snake\Apple.h(6,3): error C3861: 'srand': identifier not found
C:\Users\yoh1n\source\repos\PreJuniorProjects\ASCII Snake\Apple.h(8,13): error C3861: 'rand': identifier not found
C:\Users\yoh1n\source\repos\PreJuniorProjects\ASCII Snake\Apple.h(8,24): error C2065: 'hWidth': undeclared identifier
C:\Users\yoh1n\source\repos\PreJuniorProjects\ASCII Snake\Apple.h(9,13): error C3861: 'rand': identifier not found
C:\Users\yoh1n\source\repos\PreJuniorProjects\ASCII Snake\Apple.h(9,24): error C2065: 'hHeight': undeclared identifier
C:\Users\yoh1n\source\repos\PreJuniorProjects\ASCII Snake\Apple.h(11,3): error C2065: 'position': undeclared identifier
C:\Users\yoh1n\source\repos\PreJuniorProjects\ASCII Snake\Apple.h(11,1): error C3079: an initializer list cannot be used as the right operand of this assignment operator
C:\Users\yoh1n\source\repos\PreJuniorProjects\ASCII Snake\Apple.h(15,14): error C2065: 'NULL': undeclared identifier
C:\Users\yoh1n\source\repos\PreJuniorProjects\ASCII Snake\Apple.h(15,9): error C3861: 'time': identifier not found
C:\Users\yoh1n\source\repos\PreJuniorProjects\ASCII Snake\Apple.h(15,3): error C3861: 'srand': identifier not found
C:\Users\yoh1n\source\repos\PreJuniorProjects\ASCII Snake\Apple.h(17,13): error C3861: 'rand': identifier not found
C:\Users\yoh1n\source\repos\PreJuniorProjects\ASCII Snake\Apple.h(17,24): error C2065: 'hWidth': undeclared identifier
C:\Users\yoh1n\source\repos\PreJuniorProjects\ASCII Snake\Apple.h(18,13): error C3861: 'rand': identifier not found
C:\Users\yoh1n\source\repos\PreJuniorProjects\ASCII Snake\Apple.h(18,24): error C2065: 'hHeight': undeclared identifier
C:\Users\yoh1n\source\repos\PreJuniorProjects\ASCII Snake\Apple.h(20,3): error C2065: 'position': undeclared identifier
C:\Users\yoh1n\source\repos\PreJuniorProjects\ASCII Snake\Apple.h(20,1): error C3079: an initializer list cannot be used as the right operand of this assignment operator
C:\Users\yoh1n\source\repos\PreJuniorProjects\ASCII Snake\Apple.h(24,3): error C2065: 'DWORD': undeclared identifier
C:\Users\yoh1n\source\repos\PreJuniorProjects\ASCII Snake\Apple.h(24,9): error C2146: syntax error: missing ';' before identifier 'coloured'
C:\Users\yoh1n\source\repos\PreJuniorProjects\ASCII Snake\Apple.h(24,9): error C2065: 'coloured': undeclared identifier
C:\Users\yoh1n\source\repos\PreJuniorProjects\ASCII Snake\Apple.h(25,30): error C2065: 'playground': undeclared identifier
C:\Users\yoh1n\source\repos\PreJuniorProjects\ASCII Snake\Apple.h(25,50): error C2065: 'BACKGROUND_BLUE': undeclared identifier
C:\Users\yoh1n\source\repos\PreJuniorProjects\ASCII Snake\Apple.h(25,68): error C2065: 'BACKGROUND_GREEN': undeclared identifier
C:\Users\yoh1n\source\repos\PreJuniorProjects\ASCII Snake\Apple.h(25,87): error C2065: 'BACKGROUND_RED': undeclared identifier
C:\Users\yoh1n\source\repos\PreJuniorProjects\ASCII Snake\Apple.h(25,112): error C2039: 'position': is not a member of 'Apple'
C:\Users\yoh1n\source\repos\PreJuniorProjects\ASCII Snake\Apple.h(4): message : see declaration of 'Apple'
C:\Users\yoh1n\source\repos\PreJuniorProjects\ASCII Snake\Apple.h(25,123): error C2065: 'coloured': undeclared identifier
C:\Users\yoh1n\source\repos\PreJuniorProjects\ASCII Snake\Apple.h(25,3): error C3861: 'FillConsoleOutputAttribute': identifier not found
  main.cpp
C:\Users\yoh1n\source\repos\PreJuniorProjects\ASCII Snake\Snake.h(32,7): error C2039: 'deque': is not a member of 'std'
C:\Program Files\Microsoft Visual Studio\2022\Community\VC\Tools\MSVC\14.33.31629\include\string(24): message : see declaration of 'std'
C:\Users\yoh1n\source\repos\PreJuniorProjects\ASCII Snake\Snake.h(32,12): error C2143: syntax error: missing ';' before '<'
C:\Users\yoh1n\source\repos\PreJuniorProjects\ASCII Snake\Snake.h(32,12): error C4430: missing type specifier - int assumed. Note: C++ does not support default-int
C:\Users\yoh1n\source\repos\PreJuniorProjects\ASCII Snake\Snake.h(32,27): error C2238: unexpected token(s) preceding ';'
C:\Users\yoh1n\source\repos\PreJuniorProjects\ASCII Snake\Snake.h(33,12): error C3646: 'm_facing': unknown override specifier
C:\Users\yoh1n\source\repos\PreJuniorProjects\ASCII Snake\Snake.h(33,20): error C4430: missing type specifier - int assumed. Note: C++ does not support default-int
C:\Users\yoh1n\source\repos\PreJuniorProjects\ASCII Snake\Snake.h(10,14): error C2039: 'm_facing': is not a member of 'Snake'
C:\Users\yoh1n\source\repos\PreJuniorProjects\ASCII Snake\Snake.h(3): message : see declaration of 'Snake'
C:\Users\yoh1n\source\repos\PreJuniorProjects\ASCII Snake\Snake.h(10,26): error C2065: 'SOUTH': undeclared identifier
C:\Users\yoh1n\source\repos\PreJuniorProjects\ASCII Snake\Snake.h(11,11): error C2039: 'm_facing': is not a member of 'Snake'
C:\Users\yoh1n\source\repos\PreJuniorProjects\ASCII Snake\Snake.h(3): message : see declaration of 'Snake'
C:\Users\yoh1n\source\repos\PreJuniorProjects\ASCII Snake\Snake.h(11,22): error C2065: 'NORTH': undeclared identifier
C:\Users\yoh1n\source\repos\PreJuniorProjects\ASCII Snake\Snake.h(15,14): error C2039: 'm_facing': is not a member of 'Snake'
C:\Users\yoh1n\source\repos\PreJuniorProjects\ASCII Snake\Snake.h(3): message : see declaration of 'Snake'
C:\Users\yoh1n\source\repos\PreJuniorProjects\ASCII Snake\Snake.h(15,26): error C2065: 'WEST': undeclared identifier
C:\Users\yoh1n\source\repos\PreJuniorProjects\ASCII Snake\Snake.h(16,11): error C2039: 'm_facing': is not a member of 'Snake'
C:\Users\yoh1n\source\repos\PreJuniorProjects\ASCII Snake\Snake.h(3): message : see declaration of 'Snake'
C:\Users\yoh1n\source\repos\PreJuniorProjects\ASCII Snake\Snake.h(16,22): error C2065: 'EAST': undeclared identifier
C:\Users\yoh1n\source\repos\PreJuniorProjects\ASCII Snake\Snake.h(20,14): error C2039: 'm_facing': is not a member of 'Snake'
C:\Users\yoh1n\source\repos\PreJuniorProjects\ASCII Snake\Snake.h(3): message : see declaration of 'Snake'
C:\Users\yoh1n\source\repos\PreJuniorProjects\ASCII Snake\Snake.h(20,26): error C2065: 'NORTH': undeclared identifier
C:\Users\yoh1n\source\repos\PreJuniorProjects\ASCII Snake\Snake.h(21,11): error C2039: 'm_facing': is not a member of 'Snake'
C:\Users\yoh1n\source\repos\PreJuniorProjects\ASCII Snake\Snake.h(3): message : see declaration of 'Snake'
C:\Users\yoh1n\source\repos\PreJuniorProjects\ASCII Snake\Snake.h(21,22): error C2065: 'SOUTH': undeclared identifier
C:\Users\yoh1n\source\repos\PreJuniorProjects\ASCII Snake\Snake.h(25,14): error C2039: 'm_facing': is not a member of 'Snake'
C:\Users\yoh1n\source\repos\PreJuniorProjects\ASCII Snake\Snake.h(3): message : see declaration of 'Snake'
C:\Users\yoh1n\source\repos\PreJuniorProjects\ASCII Snake\Snake.h(25,26): error C2065: 'EAST': undeclared identifier
C:\Users\yoh1n\source\repos\PreJuniorProjects\ASCII Snake\Snake.h(26,11): error C2039: 'm_facing': is not a member of 'Snake'
C:\Users\yoh1n\source\repos\PreJuniorProjects\ASCII Snake\Snake.h(3): message : see declaration of 'Snake'
C:\Users\yoh1n\source\repos\PreJuniorProjects\ASCII Snake\Snake.h(26,22): error C2065: 'WEST': undeclared identifier
C:\Users\yoh1n\source\repos\PreJuniorProjects\ASCII Snake\Apple.h(23,13): error C2061: syntax error: identifier 'Playground'
C:\Users\yoh1n\source\repos\PreJuniorProjects\ASCII Snake\Apple.h(6,13): warning C4244: 'argument': conversion from 'time_t' to 'unsigned int', possible loss of data
C:\Users\yoh1n\source\repos\PreJuniorProjects\ASCII Snake\Apple.h(8,24): error C2065: 'hWidth': undeclared identifier
C:\Users\yoh1n\source\repos\PreJuniorProjects\ASCII Snake\Apple.h(9,24): error C2065: 'hHeight': undeclared identifier
C:\Users\yoh1n\source\repos\PreJuniorProjects\ASCII Snake\Apple.h(15,13): warning C4244: 'argument': conversion from 'time_t' to 'unsigned int', possible loss of data
C:\Users\yoh1n\source\repos\PreJuniorProjects\ASCII Snake\Apple.h(17,24): error C2065: 'hWidth': undeclared identifier
C:\Users\yoh1n\source\repos\PreJuniorProjects\ASCII Snake\Apple.h(18,24): error C2065: 'hHeight': undeclared identifier
C:\Users\yoh1n\source\repos\PreJuniorProjects\ASCII Snake\Apple.h(25,30): error C2065: 'playground': undeclared identifier
C:\Users\yoh1n\source\repos\PreJuniorProjects\ASCII Snake\main.cpp(54,2): error C2065: 'Playground': undeclared identifier
C:\Users\yoh1n\source\repos\PreJuniorProjects\ASCII Snake\main.cpp(54,13): error C2146: syntax error: missing ';' before identifier 'playground'
C:\Users\yoh1n\source\repos\PreJuniorProjects\ASCII Snake\main.cpp(54,13): error C2065: 'playground': undeclared identifier
C:\Users\yoh1n\source\repos\PreJuniorProjects\ASCII Snake\main.cpp(55,23): error C2065: 'playground': undeclared identifier
C:\Users\yoh1n\source\repos\PreJuniorProjects\ASCII Snake\main.cpp(66,3): error C2065: 'playground': undeclared identifier
  Playground.cpp
C:\Users\yoh1n\source\repos\PreJuniorProjects\ASCII Snake\Playground.h(4,9): error C3646: 'Console': unknown override specifier
C:\Users\yoh1n\source\repos\PreJuniorProjects\ASCII Snake\Playground.h(4,16): error C4430: missing type specifier - int assumed. Note: C++ does not support default-int
C:\Users\yoh1n\source\repos\PreJuniorProjects\ASCII Snake\Playground.h(15,7): error C3646: 'ChangeTitle': unknown override specifier
C:\Users\yoh1n\source\repos\PreJuniorProjects\ASCII Snake\Playground.h(15,18): error C2059: syntax error: '('
C:\Users\yoh1n\source\repos\PreJuniorProjects\ASCII Snake\Playground.h(15,34): error C2334: unexpected token(s) preceding '{'; skipping apparent function body
C:\Users\yoh1n\source\repos\PreJuniorProjects\ASCII Snake\Playground.h(19,7): error C3646: 'SetSize': unknown override specifier
C:\Users\yoh1n\source\repos\PreJuniorProjects\ASCII Snake\Playground.h(19,14): error C2059: syntax error: '('
C:\Users\yoh1n\source\repos\PreJuniorProjects\ASCII Snake\Playground.h(19,64): error C2334: unexpected token(s) preceding '{'; skipping apparent function body
C:\Users\yoh1n\source\repos\PreJuniorProjects\ASCII Snake\Playground.h(33,37): error C4430: missing type specifier - int assumed. Note: C++ does not support default-int
C:\Users\yoh1n\source\repos\PreJuniorProjects\ASCII Snake\Playground.h(33,37): error C2143: syntax error: missing ',' before '&'
C:\Users\yoh1n\source\repos\PreJuniorProjects\ASCII Snake\Playground.h(7,3): error C2065: 'HANDLE': undeclared identifier
C:\Users\yoh1n\source\repos\PreJuniorProjects\ASCII Snake\Playground.h(7,10): error C2146: syntax error: missing ';' before identifier 'hConsole'
C:\Users\yoh1n\source\repos\PreJuniorProjects\ASCII Snake\Playground.h(7,10): error C2065: 'hConsole': undeclared identifier
C:\Users\yoh1n\source\repos\PreJuniorProjects\ASCII Snake\Playground.h(7,47): error C2065: 'GENERIC_READ': undeclared identifier
C:\Users\yoh1n\source\repos\PreJuniorProjects\ASCII Snake\Playground.h(7,62): error C2065: 'GENERIC_WRITE': undeclared identifier
C:\Users\yoh1n\source\repos\PreJuniorProjects\ASCII Snake\Playground.h(7,80): error C2065: 'NULL': undeclared identifier
C:\Users\yoh1n\source\repos\PreJuniorProjects\ASCII Snake\Playground.h(7,86): error C2065: 'CONSOLE_TEXTMODE_BUFFER': undeclared identifier
C:\Users\yoh1n\source\repos\PreJuniorProjects\ASCII Snake\Playground.h(7,111): error C2065: 'NULL': undeclared identifier
C:\Users\yoh1n\source\repos\PreJuniorProjects\ASCII Snake\Playground.h(7,21): error C3861: 'CreateConsoleScreenBuffer': identifier not found
C:\Users\yoh1n\source\repos\PreJuniorProjects\ASCII Snake\Playground.h(8,32): error C2065: 'hConsole': undeclared identifier
C:\Users\yoh1n\source\repos\PreJuniorProjects\ASCII Snake\Playground.h(8,3): error C3861: 'SetConsoleActiveScreenBuffer': identifier not found
C:\Users\yoh1n\source\repos\PreJuniorProjects\ASCII Snake\Playground.h(9,11): error C2065: 'hConsole': undeclared identifier
C:\Users\yoh1n\source\repos\PreJuniorProjects\ASCII Snake\Playground.h(9,21): error C2065: 'hWidth': undeclared identifier
C:\Users\yoh1n\source\repos\PreJuniorProjects\ASCII Snake\Playground.h(9,29): error C2065: 'hHeight': undeclared identifier
C:\Users\yoh1n\source\repos\PreJuniorProjects\ASCII Snake\Playground.h(9,3): error C3861: 'SetSize': identifier not found
C:\Users\yoh1n\source\repos\PreJuniorProjects\ASCII Snake\Playground.h(10,3): error C3861: 'ChangeTitle': identifier not found
C:\Users\yoh1n\source\repos\PreJuniorProjects\ASCII Snake\Playground.h(12,3): error C2065: 'Console': undeclared identifier
C:\Users\yoh1n\source\repos\PreJuniorProjects\ASCII Snake\Playground.h(12,13): error C2065: 'hConsole': undeclared identifier
C:\Users\yoh1n\source\repos\PreJuniorProjects\ASCII Snake\Playground.h(34,23): error C2065: 'hWidth': undeclared identifier
C:\Users\yoh1n\source\repos\PreJuniorProjects\ASCII Snake\Playground.h(36,24): error C2065: 'hHeight': undeclared identifier
C:\Users\yoh1n\source\repos\PreJuniorProjects\ASCII Snake\Playground.h(38,24): error C2065: 'hWidth': undeclared identifier
C:\Users\yoh1n\source\repos\PreJuniorProjects\ASCII Snake\Playground.h(38,53): error C2065: 'hHeight': undeclared identifier
C:\Users\yoh1n\source\repos\PreJuniorProjects\ASCII Snake\Playground.h(40,19): error C2065: 'hWidth': undeclared identifier
C:\Users\yoh1n\source\repos\PreJuniorProjects\ASCII Snake\Playground.h(44,15): error C2065: 'apple': undeclared identifier
C:\Users\yoh1n\source\repos\PreJuniorProjects\ASCII Snake\Playground.h(44,40): error C2065: 'apple': undeclared identifier
C:\Users\yoh1n\source\repos\PreJuniorProjects\ASCII Snake\Playground.h(45,20): error C2065: 'hWidth': undeclared identifier
C:\Users\yoh1n\source\repos\PreJuniorProjects\ASCII Snake\Playground.h(46,7): error C2065: 'DWORD': undeclared identifier
C:\Users\yoh1n\source\repos\PreJuniorProjects\ASCII Snake\Playground.h(46,13): error C2146: syntax error: missing ';' before identifier 'coloured'
C:\Users\yoh1n\source\repos\PreJuniorProjects\ASCII Snake\Playground.h(46,13): error C2065: 'coloured': undeclared identifier
C:\Users\yoh1n\source\repos\PreJuniorProjects\ASCII Snake\Playground.h(47,40): error C2039: 'Console': is not a member of 'Playground'
C:\Users\yoh1n\source\repos\PreJuniorProjects\ASCII Snake\Playground.h(3): message : see declaration of 'Playground'
C:\Users\yoh1n\source\repos\PreJuniorProjects\ASCII Snake\Playground.h(47,49): error C2065: 'FOREGROUND_RED': undeclared identifier
C:\Users\yoh1n\source\repos\PreJuniorProjects\ASCII Snake\Playground.h(47,68): error C2065: 'apple': undeclared identifier
C:\Users\yoh1n\source\repos\PreJuniorProjects\ASCII Snake\Playground.h(47,85): error C2065: 'coloured': undeclared identifier
C:\Users\yoh1n\source\repos\PreJuniorProjects\ASCII Snake\Playground.h(47,7): error C3861: 'FillConsoleOutputAttribute': identifier not found
C:\Users\yoh1n\source\repos\PreJuniorProjects\ASCII Snake\Playground.h(50,20): error C2065: 'hWidth': undeclared identifier
C:\Users\yoh1n\source\repos\PreJuniorProjects\ASCII Snake\Playground.h(56,25): error C2065: 'player': undeclared identifier
C:\Users\yoh1n\source\repos\PreJuniorProjects\ASCII Snake\Playground.h(56,1): error C3531: 'body_part': a symbol whose type contains 'auto' must have an initializer
C:\Users\yoh1n\source\repos\PreJuniorProjects\ASCII Snake\Playground.h(56,23): error C2143: syntax error: missing ';' before ':'
C:\Users\yoh1n\source\repos\PreJuniorProjects\ASCII Snake\Playground.h(56,38): error C2143: syntax error: missing ';' before ')'
C:\Users\yoh1n\source\repos\PreJuniorProjects\ASCII Snake\Playground.h(57,37): error C2065: 'hWidth': undeclared identifier
C:\Users\yoh1n\source\repos\PreJuniorProjects\ASCII Snake\Playground.h(60,3): error C2065: 'DWORD': undeclared identifier
C:\Users\yoh1n\source\repos\PreJuniorProjects\ASCII Snake\Playground.h(60,9): error C2146: syntax error: missing ';' before identifier 'written'
C:\Users\yoh1n\source\repos\PreJuniorProjects\ASCII Snake\Playground.h(60,9): error C2065: 'written': undeclared identifier
C:\Users\yoh1n\source\repos\PreJuniorProjects\ASCII Snake\Playground.h(61,37): error C2039: 'Console': is not a member of 'Playground'
C:\Users\yoh1n\source\repos\PreJuniorProjects\ASCII Snake\Playground.h(3): message : see declaration of 'Playground'
C:\Users\yoh1n\source\repos\PreJuniorProjects\ASCII Snake\Playground.h(61,51): error C2065: 'hWidth': undeclared identifier
C:\Users\yoh1n\source\repos\PreJuniorProjects\ASCII Snake\Playground.h(61,60): error C2065: 'hHeight': undeclared identifier
C:\Users\yoh1n\source\repos\PreJuniorProjects\ASCII Snake\Playground.h(61,80): error C2065: 'written': undeclared identifier
C:\Users\yoh1n\source\repos\PreJuniorProjects\ASCII Snake\Playground.h(61,3): error C3861: 'WriteConsoleOutputCharacter': identifier not found
  Snake.cpp
C:\Users\yoh1n\source\repos\PreJuniorProjects\ASCII Snake\Snake.h(32,7): error C2039: 'deque': is not a member of 'std'
C:\Users\yoh1n\source\repos\PreJuniorProjects\ASCII Snake\predefined C++ types (compiler internal)(342): message : see declaration of 'std'
C:\Users\yoh1n\source\repos\PreJuniorProjects\ASCII Snake\Snake.h(32,12): error C2143: syntax error: missing ';' before '<'
C:\Users\yoh1n\source\repos\PreJuniorProjects\ASCII Snake\Snake.h(32,12): error C4430: missing type specifier - int assumed. Note: C++ does not support default-int
C:\Users\yoh1n\source\repos\PreJuniorProjects\ASCII Snake\Snake.h(32,27): error C2238: unexpected token(s) preceding ';'
C:\Users\yoh1n\source\repos\PreJuniorProjects\ASCII Snake\Snake.h(33,12): error C3646: 'm_facing': unknown override specifier
C:\Users\yoh1n\source\repos\PreJuniorProjects\ASCII Snake\Snake.h(33,20): error C4430: missing type specifier - int assumed. Note: C++ does not support default-int
C:\Users\yoh1n\source\repos\PreJuniorProjects\ASCII Snake\Snake.h(9,19): error C2065: 'VK_UP': undeclared identifier
C:\Users\yoh1n\source\repos\PreJuniorProjects\ASCII Snake\Snake.h(9,7): error C3861: 'GetKeyState': identifier not found
C:\Users\yoh1n\source\repos\PreJuniorProjects\ASCII Snake\Snake.h(10,14): error C2039: 'm_facing': is not a member of 'Snake'
C:\Users\yoh1n\source\repos\PreJuniorProjects\ASCII Snake\Snake.h(3): message : see declaration of 'Snake'
C:\Users\yoh1n\source\repos\PreJuniorProjects\ASCII Snake\Snake.h(10,26): error C2065: 'SOUTH': undeclared identifier
C:\Users\yoh1n\source\repos\PreJuniorProjects\ASCII Snake\Snake.h(11,11): error C2039: 'm_facing': is not a member of 'Snake'
C:\Users\yoh1n\source\repos\PreJuniorProjects\ASCII Snake\Snake.h(3): message : see declaration of 'Snake'
C:\Users\yoh1n\source\repos\PreJuniorProjects\ASCII Snake\Snake.h(11,22): error C2065: 'NORTH': undeclared identifier
C:\Users\yoh1n\source\repos\PreJuniorProjects\ASCII Snake\Snake.h(14,24): error C2065: 'VK_RIGHT': undeclared identifier
C:\Users\yoh1n\source\repos\PreJuniorProjects\ASCII Snake\Snake.h(14,12): error C3861: 'GetKeyState': identifier not found
C:\Users\yoh1n\source\repos\PreJuniorProjects\ASCII Snake\Snake.h(15,14): error C2039: 'm_facing': is not a member of 'Snake'
C:\Users\yoh1n\source\repos\PreJuniorProjects\ASCII Snake\Snake.h(3): message : see declaration of 'Snake'
C:\Users\yoh1n\source\repos\PreJuniorProjects\ASCII Snake\Snake.h(15,26): error C2065: 'WEST': undeclared identifier
C:\Users\yoh1n\source\repos\PreJuniorProjects\ASCII Snake\Snake.h(16,11): error C2039: 'm_facing': is not a member of 'Snake'
C:\Users\yoh1n\source\repos\PreJuniorProjects\ASCII Snake\Snake.h(3): message : see declaration of 'Snake'
C:\Users\yoh1n\source\repos\PreJuniorProjects\ASCII Snake\Snake.h(16,22): error C2065: 'EAST': undeclared identifier
C:\Users\yoh1n\source\repos\PreJuniorProjects\ASCII Snake\Snake.h(19,24): error C2065: 'VK_DOWN': undeclared identifier
C:\Users\yoh1n\source\repos\PreJuniorProjects\ASCII Snake\Snake.h(19,12): error C3861: 'GetKeyState': identifier not found
C:\Users\yoh1n\source\repos\PreJuniorProjects\ASCII Snake\Snake.h(20,14): error C2039: 'm_facing': is not a member of 'Snake'
C:\Users\yoh1n\source\repos\PreJuniorProjects\ASCII Snake\Snake.h(3): message : see declaration of 'Snake'
C:\Users\yoh1n\source\repos\PreJuniorProjects\ASCII Snake\Snake.h(20,26): error C2065: 'NORTH': undeclared identifier
C:\Users\yoh1n\source\repos\PreJuniorProjects\ASCII Snake\Snake.h(21,11): error C2039: 'm_facing': is not a member of 'Snake'
C:\Users\yoh1n\source\repos\PreJuniorProjects\ASCII Snake\Snake.h(3): message : see declaration of 'Snake'
C:\Users\yoh1n\source\repos\PreJuniorProjects\ASCII Snake\Snake.h(21,22): error C2065: 'SOUTH': undeclared identifier
C:\Users\yoh1n\source\repos\PreJuniorProjects\ASCII Snake\Snake.h(24,24): error C2065: 'VK_LEFT': undeclared identifier
C:\Users\yoh1n\source\repos\PreJuniorProjects\ASCII Snake\Snake.h(24,12): error C3861: 'GetKeyState': identifier not found
C:\Users\yoh1n\source\repos\PreJuniorProjects\ASCII Snake\Snake.h(25,14): error C2039: 'm_facing': is not a member of 'Snake'
C:\Users\yoh1n\source\repos\PreJuniorProjects\ASCII Snake\Snake.h(3): message : see declaration of 'Snake'
C:\Users\yoh1n\source\repos\PreJuniorProjects\ASCII Snake\Snake.h(25,26): error C2065: 'EAST': undeclared identifier
C:\Users\yoh1n\source\repos\PreJuniorProjects\ASCII Snake\Snake.h(26,11): error C2039: 'm_facing': is not a member of 'Snake'
C:\Users\yoh1n\source\repos\PreJuniorProjects\ASCII Snake\Snake.h(3): message : see declaration of 'Snake'
C:\Users\yoh1n\source\repos\PreJuniorProjects\ASCII Snake\Snake.h(26,22): error C2065: 'WEST': undeclared identifier
C:\Users\yoh1n\source\repos\PreJuniorProjects\ASCII Snake\Playground.h(4,9): error C3646: 'Console': unknown override specifier
C:\Users\yoh1n\source\repos\PreJuniorProjects\ASCII Snake\Playground.h(4,16): error C4430: missing type specifier - int assumed. Note: C++ does not support default-int
C:\Users\yoh1n\source\repos\PreJuniorProjects\ASCII Snake\Playground.h(15,7): error C3646: 'ChangeTitle': unknown override specifier
C:\Users\yoh1n\source\repos\PreJuniorProjects\ASCII Snake\Playground.h(15,18): error C2059: syntax error: '('
C:\Users\yoh1n\source\repos\PreJuniorProjects\ASCII Snake\Playground.h(15,34): error C2334: unexpected token(s) preceding '{'; skipping apparent function body
C:\Users\yoh1n\source\repos\PreJuniorProjects\ASCII Snake\Playground.h(19,7): error C3646: 'SetSize': unknown override specifier
C:\Users\yoh1n\source\repos\PreJuniorProjects\ASCII Snake\Playground.h(19,14): error C2059: syntax error: '('
C:\Users\yoh1n\source\repos\PreJuniorProjects\ASCII Snake\Playground.h(19,64): error C2334: unexpected token(s) preceding '{'; skipping apparent function body
C:\Users\yoh1n\source\repos\PreJuniorProjects\ASCII Snake\Playground.h(33,58): error C4430: missing type specifier - int assumed. Note: C++ does not support default-int
C:\Users\yoh1n\source\repos\PreJuniorProjects\ASCII Snake\Playground.h(33,58): error C2143: syntax error: missing ',' before '&'
C:\Users\yoh1n\source\repos\PreJuniorProjects\ASCII Snake\Playground.h(7,3): error C2065: 'HANDLE': undeclared identifier
C:\Users\yoh1n\source\repos\PreJuniorProjects\ASCII Snake\Playground.h(7,10): error C2146: syntax error: missing ';' before identifier 'hConsole'
C:\Users\yoh1n\source\repos\PreJuniorProjects\ASCII Snake\Playground.h(7,10): error C2065: 'hConsole': undeclared identifier
C:\Users\yoh1n\source\repos\PreJuniorProjects\ASCII Snake\Playground.h(7,47): error C2065: 'GENERIC_READ': undeclared identifier
C:\Users\yoh1n\source\repos\PreJuniorProjects\ASCII Snake\Playground.h(7,62): error C2065: 'GENERIC_WRITE': undeclared identifier
C:\Users\yoh1n\source\repos\PreJuniorProjects\ASCII Snake\Playground.h(7,80): error C2065: 'NULL': undeclared identifier
C:\Users\yoh1n\source\repos\PreJuniorProjects\ASCII Snake\Playground.h(7,86): error C2065: 'CONSOLE_TEXTMODE_BUFFER': undeclared identifier
C:\Users\yoh1n\source\repos\PreJuniorProjects\ASCII Snake\Playground.h(7,111): error C2065: 'NULL': undeclared identifier
C:\Users\yoh1n\source\repos\PreJuniorProjects\ASCII Snake\Playground.h(7,21): error C3861: 'CreateConsoleScreenBuffer': identifier not found
C:\Users\yoh1n\source\repos\PreJuniorProjects\ASCII Snake\Playground.h(8,32): error C2065: 'hConsole': undeclared identifier
C:\Users\yoh1n\source\repos\PreJuniorProjects\ASCII Snake\Playground.h(8,3): error C3861: 'SetConsoleActiveScreenBuffer': identifier not found
C:\Users\yoh1n\source\repos\PreJuniorProjects\ASCII Snake\Playground.h(9,11): error C2065: 'hConsole': undeclared identifier
C:\Users\yoh1n\source\repos\PreJuniorProjects\ASCII Snake\Playground.h(9,21): error C2065: 'hWidth': undeclared identifier
C:\Users\yoh1n\source\repos\PreJuniorProjects\ASCII Snake\Playground.h(9,29): error C2065: 'hHeight': undeclared identifier
C:\Users\yoh1n\source\repos\PreJuniorProjects\ASCII Snake\Playground.h(9,3): error C3861: 'SetSize': identifier not found
C:\Users\yoh1n\source\repos\PreJuniorProjects\ASCII Snake\Playground.h(10,3): error C3861: 'ChangeTitle': identifier not found
C:\Users\yoh1n\source\repos\PreJuniorProjects\ASCII Snake\Playground.h(12,3): error C2065: 'Console': undeclared identifier
C:\Users\yoh1n\source\repos\PreJuniorProjects\ASCII Snake\Playground.h(12,13): error C2065: 'hConsole': undeclared identifier
C:\Users\yoh1n\source\repos\PreJuniorProjects\ASCII Snake\Playground.h(34,23): error C2065: 'hWidth': undeclared identifier
C:\Users\yoh1n\source\repos\PreJuniorProjects\ASCII Snake\Playground.h(36,24): error C2065: 'hHeight': undeclared identifier
C:\Users\yoh1n\source\repos\PreJuniorProjects\ASCII Snake\Playground.h(38,24): error C2065: 'hWidth': undeclared identifier
C:\Users\yoh1n\source\repos\PreJuniorProjects\ASCII Snake\Playground.h(38,53): error C2065: 'hHeight': undeclared identifier
C:\Users\yoh1n\source\repos\PreJuniorProjects\ASCII Snake\Playground.h(40,19): error C2065: 'hWidth': undeclared identifier
C:\Users\yoh1n\source\repos\PreJuniorProjects\ASCII Snake\Playground.h(44,15): error C2065: 'apple': undeclared identifier
C:\Users\yoh1n\source\repos\PreJuniorProjects\ASCII Snake\Playground.h(44,40): error C2065: 'apple': undeclared identifier
C:\Users\yoh1n\source\repos\PreJuniorProjects\ASCII Snake\Playground.h(45,20): error C2065: 'hWidth': undeclared identifier
C:\Users\yoh1n\source\repos\PreJuniorProjects\ASCII Snake\Playground.h(46,7): error C2065: 'DWORD': undeclared identifier
C:\Users\yoh1n\source\repos\PreJuniorProjects\ASCII Snake\Playground.h(46,13): error C2146: syntax error: missing ';' before identifier 'coloured'
C:\Users\yoh1n\source\repos\PreJuniorProjects\ASCII Snake\Playground.h(46,13): error C2065: 'coloured': undeclared identifier
C:\Users\yoh1n\source\repos\PreJuniorProjects\ASCII Snake\Playground.h(47,40): error C2039: 'Console': is not a member of 'Playground'
C:\Users\yoh1n\source\repos\PreJuniorProjects\ASCII Snake\Playground.h(3): message : see declaration of 'Playground'
C:\Users\yoh1n\source\repos\PreJuniorProjects\ASCII Snake\Playground.h(47,49): error C2065: 'FOREGROUND_RED': undeclared identifier
C:\Users\yoh1n\source\repos\PreJuniorProjects\ASCII Snake\Playground.h(47,68): error C2065: 'apple': undeclared identifier
C:\Users\yoh1n\source\repos\PreJuniorProjects\ASCII Snake\Playground.h(47,85): error C2065: 'coloured': undeclared identifier
C:\Users\yoh1n\source\repos\PreJuniorProjects\ASCII Snake\Playground.h(47,7): error C3861: 'FillConsoleOutputAttribute': identifier not found
C:\Users\yoh1n\source\repos\PreJuniorProjects\ASCII Snake\Playground.h(50,20): error C2065: 'hWidth': undeclared identifier
C:\Users\yoh1n\source\repos\PreJuniorProjects\ASCII Snake\Playground.h(56,32): error C2039: 'm_body': is not a member of 'Snake'
C:\Users\yoh1n\source\repos\PreJuniorProjects\ASCII Snake\Snake.h(3): message : see declaration of 'Snake'
C:\Users\yoh1n\source\repos\PreJuniorProjects\ASCII Snake\Playground.h(56,1): error C3531: 'body_part': a symbol whose type contains 'auto' must have an initializer
C:\Users\yoh1n\source\repos\PreJuniorProjects\ASCII Snake\Playground.h(56,23): error C2143: syntax error: missing ';' before ':'
C:\Users\yoh1n\source\repos\PreJuniorProjects\ASCII Snake\Playground.h(56,38): error C2143: syntax error: missing ';' before ')'
C:\Users\yoh1n\source\repos\PreJuniorProjects\ASCII Snake\Playground.h(57,37): error C2065: 'hWidth': undeclared identifier
C:\Users\yoh1n\source\repos\PreJuniorProjects\ASCII Snake\Playground.h(60,3): error C2065: 'DWORD': undeclared identifier
C:\Users\yoh1n\source\repos\PreJuniorProjects\ASCII Snake\Playground.h(60,9): error C2146: syntax error: missing ';' before identifier 'written'
C:\Users\yoh1n\source\repos\PreJuniorProjects\ASCII Snake\Playground.h(60,9): error C2065: 'written': undeclared identifier
C:\Users\yoh1n\source\repos\PreJuniorProjects\ASCII Snake\Playground.h(61,37): error C2039: 'Console': is not a member of 'Playground'
C:\Users\yoh1n\source\repos\PreJuniorProjects\ASCII Snake\Playground.h(3): message : see declaration of 'Playground'
C:\Users\yoh1n\source\repos\PreJuniorProjects\ASCII Snake\Playground.h(61,51): error C2065: 'hWidth': undeclared identifier
C:\Users\yoh1n\source\repos\PreJuniorProjects\ASCII Snake\Playground.h(61,60): error C2065: 'hHeight': undeclared identifier
C:\Users\yoh1n\source\repos\PreJuniorProjects\ASCII Snake\Playground.h(61,80): error C2065: 'written': undeclared identifier
C:\Users\yoh1n\source\repos\PreJuniorProjects\ASCII Snake\Playground.h(61,3): error C3861: 'WriteConsoleOutputCharacter': identifier not found
C:\Users\yoh1n\source\repos\PreJuniorProjects\ASCII Snake\Snake.cpp(4,26): error C2572: 'Snake::Snake': redefinition of default argument: parameter 1
C:\Users\yoh1n\source\repos\PreJuniorProjects\ASCII Snake\Snake.h(4): message : see declaration of 'Snake::Snake'
C:\Users\yoh1n\source\repos\PreJuniorProjects\ASCII Snake\Snake.cpp(6,2): error C2065: 'm_facing': undeclared identifier
C:\Users\yoh1n\source\repos\PreJuniorProjects\ASCII Snake\Snake.cpp(6,13): error C2065: 'EAST': undeclared identifier
C:\Users\yoh1n\source\repos\PreJuniorProjects\ASCII Snake\Snake.cpp(9,3): error C2065: 'pCOORD': undeclared identifier
C:\Users\yoh1n\source\repos\PreJuniorProjects\ASCII Snake\Snake.cpp(9,10): error C2146: syntax error: missing ';' before identifier 'bodypart'
C:\Users\yoh1n\source\repos\PreJuniorProjects\ASCII Snake\Snake.cpp(9,10): error C2065: 'bodypart': undeclared identifier
C:\Users\yoh1n\source\repos\PreJuniorProjects\ASCII Snake\Snake.cpp(9,24): error C2065: 'hWidth': undeclared identifier
C:\Users\yoh1n\source\repos\PreJuniorProjects\ASCII Snake\Snake.cpp(9,42): error C2065: 'hHeight': undeclared identifier
C:\Users\yoh1n\source\repos\PreJuniorProjects\ASCII Snake\Snake.cpp(9,55): error C3079: an initializer list cannot be used as the right operand of this assignment operator
C:\Users\yoh1n\source\repos\PreJuniorProjects\ASCII Snake\Snake.cpp(10,3): error C2065: 'm_body': undeclared identifier
C:\Users\yoh1n\source\repos\PreJuniorProjects\ASCII Snake\Snake.cpp(10,20): error C2065: 'bodypart': undeclared identifier
C:\Users\yoh1n\source\repos\PreJuniorProjects\ASCII Snake\Snake.cpp(20,2): error C2065: 'iCOORD': undeclared identifier
C:\Users\yoh1n\source\repos\PreJuniorProjects\ASCII Snake\Snake.cpp(20,9): error C2146: syntax error: missing ';' before identifier 'newPos'
C:\Users\yoh1n\source\repos\PreJuniorProjects\ASCII Snake\Snake.cpp(20,9): error C2065: 'newPos': undeclared identifier
C:\Users\yoh1n\source\repos\PreJuniorProjects\ASCII Snake\Snake.cpp(21,16): error C2039: 'm_facing': is not a member of 'Snake'
C:\Users\yoh1n\source\repos\PreJuniorProjects\ASCII Snake\Snake.h(3): message : see declaration of 'Snake'
C:\Users\yoh1n\source\repos\PreJuniorProjects\ASCII Snake\Snake.cpp(22,7): error C2065: 'NORTH': undeclared identifier
C:\Users\yoh1n\source\repos\PreJuniorProjects\ASCII Snake\Snake.cpp(22,7): error C2131: expression did not evaluate to a constant
C:\Users\yoh1n\source\repos\PreJuniorProjects\ASCII Snake\Snake.cpp(22,12): fatal  error C1003: error count exceeds 100; stopping compilation
  Generating Code...
